Build started 6/8/2017 12:06:43 AM.
     1>Project "D:\Programe\Programe Structuri de date\github\ds.csie.ase.ro-master\ds.csie.ase.ro-master\DS05\DS05\DS05.vcxproj" on node 2 (Build target(s)).
     1>ClCompile:
         C:\Program Files (x86)\Microsoft Visual Studio 12.0\VC\bin\x86_amd64\CL.exe /c /Zi /nologo /W3 /WX- /Od /D _DEBUG /D _CONSOLE /D _UNICODE /D UNICODE /Gm /EHsc /RTC1 /MDd /GS /fp:precise /Zc:wchar_t /Zc:forScope /Fo"x64\Debug\\" /Fd"x64\Debug\vc120.pdb" /Gd /TP /errorReport:prompt Source.cpp
         Source.cpp
     1>Source.cpp(20): warning C4996: 'strcpy': This function or variable may be unsafe. Consider using strcpy_s instead. To disable deprecation, use _CRT_SECURE_NO_WARNINGS. See online help for details.
                 C:\Program Files (x86)\Microsoft Visual Studio 12.0\VC\include\string.h(112) : see declaration of 'strcpy'
     1>Source.cpp(158): warning C4996: 'fopen': This function or variable may be unsafe. Consider using fopen_s instead. To disable deprecation, use _CRT_SECURE_NO_WARNINGS. See online help for details.
                 C:\Program Files (x86)\Microsoft Visual Studio 12.0\VC\include\stdio.h(211) : see declaration of 'fopen'
     1>Source.cpp(163): warning C4996: 'fscanf': This function or variable may be unsafe. Consider using fscanf_s instead. To disable deprecation, use _CRT_SECURE_NO_WARNINGS. See online help for details.
                 C:\Program Files (x86)\Microsoft Visual Studio 12.0\VC\include\stdio.h(230) : see declaration of 'fscanf'
     1>Source.cpp(166): warning C4996: 'fscanf': This function or variable may be unsafe. Consider using fscanf_s instead. To disable deprecation, use _CRT_SECURE_NO_WARNINGS. See online help for details.
                 C:\Program Files (x86)\Microsoft Visual Studio 12.0\VC\include\stdio.h(230) : see declaration of 'fscanf'
     1>Source.cpp(173): warning C4996: 'fscanf': This function or variable may be unsafe. Consider using fscanf_s instead. To disable deprecation, use _CRT_SECURE_NO_WARNINGS. See online help for details.
                 C:\Program Files (x86)\Microsoft Visual Studio 12.0\VC\include\stdio.h(230) : see declaration of 'fscanf'
     1>Source.cpp(182): warning C4305: 'argument' : truncation from 'double' to 'float'
     1>Source.cpp(184): warning C4305: 'argument' : truncation from 'double' to 'float'
     1>Source.cpp(191): warning C4305: 'argument' : truncation from 'double' to 'float'
       Link:
         C:\Program Files (x86)\Microsoft Visual Studio 12.0\VC\bin\x86_amd64\link.exe /ERRORREPORT:PROMPT /OUT:"D:\Programe\Programe Structuri de date\github\ds.csie.ase.ro-master\ds.csie.ase.ro-master\DS05\x64\Debug\DS05.exe" /INCREMENTAL /NOLOGO kernel32.lib user32.lib gdi32.lib winspool.lib comdlg32.lib advapi32.lib shell32.lib ole32.lib oleaut32.lib uuid.lib odbc32.lib odbccp32.lib /MANIFEST /MANIFESTUAC:"level='asInvoker' uiAccess='false'" /manifest:embed /DEBUG /PDB:"D:\Programe\Programe Structuri de date\github\ds.csie.ase.ro-master\ds.csie.ase.ro-master\DS05\x64\Debug\DS05.pdb" /SUBSYSTEM:CONSOLE /TLBID:1 /DYNAMICBASE /NXCOMPAT /IMPLIB:"D:\Programe\Programe Structuri de date\github\ds.csie.ase.ro-master\ds.csie.ase.ro-master\DS05\x64\Debug\DS05.lib" /MACHINE:X64 x64\Debug\Source.obj
         DS05.vcxproj -> D:\Programe\Programe Structuri de date\github\ds.csie.ase.ro-master\ds.csie.ase.ro-master\DS05\x64\Debug\DS05.exe
     1>Done Building Project "D:\Programe\Programe Structuri de date\github\ds.csie.ase.ro-master\ds.csie.ase.ro-master\DS05\DS05\DS05.vcxproj" (Build target(s)).

Build succeeded.

Time Elapsed 00:00:04.32
